# Wed Sep  2 16:50:00 CST 2015
https://az412801.vo.msecnd.net/vhd/VMBuild_20141027/Parallels/IE10/Mac/IE10.Win7.For.Mac.Parallels.zip
https://az412801.vo.msecnd.net/vhd/VMBuild_20141027/Parallels/IE10/Mac/IE10.Win8.For.Mac.Parallels.zip
https://az412801.vo.msecnd.net/vhd/VMBuild_20141027/Parallels/IE11/Mac/IE11.Win7.For.Mac.Parallels.zip
https://az412801.vo.msecnd.net/vhd/VMBuild_20141027/Parallels/IE11/Mac/IE11.Win8.1.For.Mac.Parallels.zip
https://az412801.vo.msecnd.net/vhd/VMBuild_20141027/Parallels/IE6/Mac/IE6.XP.For.Mac.Parallels.zip
https://az412801.vo.msecnd.net/vhd/VMBuild_20141027/Parallels/IE7/Mac/IE7.Vista.For.Mac.Parallels.zip
https://az412801.vo.msecnd.net/vhd/VMBuild_20141027/Parallels/IE8/Mac/IE8.Win7.For.Mac.Parallels.zip
https://az412801.vo.msecnd.net/vhd/VMBuild_20141027/Parallels/IE8/Mac/IE8.XP.For.Mac.Parallels.zip
https://az412801.vo.msecnd.net/vhd/VMBuild_20141027/Parallels/IE9/Mac/IE9.Win7.For.Mac.Parallels.zip
https://az412801.vo.msecnd.net/vhd/VMBuild_20141027/VMware/IE10/Mac/IE10.Win7.For.Mac.VMware.zip
https://az412801.vo.msecnd.net/vhd/VMBuild_20141027/VMware/IE10/Mac/IE10.Win8.For.Mac.VMware.zip
https://az412801.vo.msecnd.net/vhd/VMBuild_20141027/VMware/IE11/Mac/IE11.Win7.For.Mac.VMware.zip
https://az412801.vo.msecnd.net/vhd/VMBuild_20141027/VMware/IE11/Mac/IE11.Win8.1.For.Mac.VMware.zip
https://az412801.vo.msecnd.net/vhd/VMBuild_20141027/VMware/IE6/Mac/IE6.XP.For.Mac.VMware.zip
https://az412801.vo.msecnd.net/vhd/VMBuild_20141027/VMware/IE7/Mac/IE7.Vista.For.Mac.VMware.zip
https://az412801.vo.msecnd.net/vhd/VMBuild_20141027/VMware/IE8/Mac/IE8.Win7.For.Mac.VMware.zip
https://az412801.vo.msecnd.net/vhd/VMBuild_20141027/VMware/IE8/Mac/IE8.XP.For.Mac.VMware.zip
https://az412801.vo.msecnd.net/vhd/VMBuild_20141027/VMware/IE9/Mac/IE9.Win7.For.Mac.VMware.zip
https://az412801.vo.msecnd.net/vhd/VMBuild_20141027/VirtualBox/IE10/Mac/IE10.Win7.For.Mac.VirtualBox.zip
https://az412801.vo.msecnd.net/vhd/VMBuild_20141027/VirtualBox/IE10/Mac/IE10.Win8.For.Mac.VirtualBox.zip
https://az412801.vo.msecnd.net/vhd/VMBuild_20141027/VirtualBox/IE11/Mac/IE11.Win7.For.Mac.VirtualBox.zip
https://az412801.vo.msecnd.net/vhd/VMBuild_20141027/VirtualBox/IE11/Mac/IE11.Win8.1.For.Mac.VirtualBox.zip
https://az412801.vo.msecnd.net/vhd/VMBuild_20141027/VirtualBox/IE6/Mac/IE6.XP.For.Mac.VirtualBox.zip
https://az412801.vo.msecnd.net/vhd/VMBuild_20141027/VirtualBox/IE7/Mac/IE7.Vista.For.Mac.VirtualBox.zip
https://az412801.vo.msecnd.net/vhd/VMBuild_20141027/VirtualBox/IE8/Mac/IE8.Win7.For.Mac.VirtualBox.zip
https://az412801.vo.msecnd.net/vhd/VMBuild_20141027/VirtualBox/IE8/Mac/IE8.XP.For.Mac.VirtualBox.zip
https://az412801.vo.msecnd.net/vhd/VMBuild_20141027/VirtualBox/IE9/Mac/IE9.Win7.For.Mac.VirtualBox.zip
https://az792536.vo.msecnd.net/vms/VMBuild_20150801/Parallels/MSEdge/Mac/Microsoft%20Edge.Win10.For.Mac.Parallels.zip
https://az792536.vo.msecnd.net/vms/VMBuild_20150801/VMware/MSEdge/Mac/Microsoft%20Edge.Win10.For.Mac.VMware.zip
https://az792536.vo.msecnd.net/vms/VMBuild_20150801/VirtualBox/MSEdge/Mac/Microsoft%20Edge.Win10.For.Mac.VirtualBox.zip
